[INFO] Scanning for projects...
[INFO] ------------------------------------------------------------------------
[INFO] Reactor Build Order:
[INFO] 
[INFO] wgnet-register                                                     [pom]
[INFO] wireguard-registry-core                                            [jar]
[INFO] wireguard-register-service                                         [jar]
[INFO] wireguard-registry-client                                          [jar]
[INFO] 
[INFO] ------------------< icu.debug.net.wg:wgnet-registry >-------------------
[INFO] Building wgnet-register 0.0.1-SNAPSHOT                             [1/4]
[INFO] --------------------------------[ pom ]---------------------------------
[INFO] 
[INFO] --- maven-dependency-plugin:3.6.1:tree (default-cli) @ wgnet-registry ---
[INFO] icu.debug.net.wg:wgnet-registry:pom:0.0.1-SNAPSHOT
[INFO] +- org.whispersystems:curve25519-java:jar:0.5.0:compile
[INFO] +- commons-net:commons-net:jar:3.10.0:compile
[INFO] +- org.springframework.boot:spring-boot-starter-web:jar:3.2.2:compile
[INFO] |  +- org.springframework.boot:spring-boot-starter:jar:3.2.2:compile
[INFO] |  |  +- org.springframework.boot:spring-boot-starter-logging:jar:3.2.2:compile
[INFO] |  |  |  +- ch.qos.logback:logback-classic:jar:1.4.14:compile
[INFO] |  |  |  |  \- ch.qos.logback:logback-core:jar:1.4.14:compile
[INFO] |  |  |  +- org.apache.logging.log4j:log4j-to-slf4j:jar:2.21.1:compile
[INFO] |  |  |  |  \- org.apache.logging.log4j:log4j-api:jar:2.21.1:compile
[INFO] |  |  |  \- org.slf4j:jul-to-slf4j:jar:2.0.11:compile
[INFO] |  |  +- jakarta.annotation:jakarta.annotation-api:jar:2.1.1:compile
[INFO] |  |  \- org.yaml:snakeyaml:jar:2.2:compile
[INFO] |  +- org.springframework.boot:spring-boot-starter-json:jar:3.2.2:compile
[INFO] |  |  +- com.fasterxml.jackson.core:jackson-databind:jar:2.15.3:compile
[INFO] |  |  |  +- com.fasterxml.jackson.core:jackson-annotations:jar:2.15.3:compile
[INFO] |  |  |  \- com.fasterxml.jackson.core:jackson-core:jar:2.15.3:compile
[INFO] |  |  +- com.fasterxml.jackson.datatype:jackson-datatype-jdk8:jar:2.15.3:compile
[INFO] |  |  +- com.fasterxml.jackson.datatype:jackson-datatype-jsr310:jar:2.15.3:compile
[INFO] |  |  \- com.fasterxml.jackson.module:jackson-module-parameter-names:jar:2.15.3:compile
[INFO] |  +- org.springframework.boot:spring-boot-starter-tomcat:jar:3.2.2:compile
[INFO] |  |  +- org.apache.tomcat.embed:tomcat-embed-core:jar:10.1.18:compile
[INFO] |  |  +- org.apache.tomcat.embed:tomcat-embed-el:jar:10.1.18:compile
[INFO] |  |  \- org.apache.tomcat.embed:tomcat-embed-websocket:jar:10.1.18:compile
[INFO] |  +- org.springframework:spring-web:jar:6.1.3:compile
[INFO] |  |  \- org.springframework:spring-beans:jar:6.1.3:compile
[INFO] |  \- org.springframework:spring-webmvc:jar:6.1.3:compile
[INFO] |     +- org.springframework:spring-aop:jar:6.1.3:compile
[INFO] |     +- org.springframework:spring-context:jar:6.1.3:compile
[INFO] |     \- org.springframework:spring-expression:jar:6.1.3:compile
[INFO] +- org.springframework.shell:spring-shell-starter:jar:3.2.0:compile
[INFO] |  +- org.springframework.shell:spring-shell-autoconfigure:jar:3.2.0:compile
[INFO] |  +- org.springframework.shell:spring-shell-core:jar:3.2.0:compile
[INFO] |  |  +- org.springframework.boot:spring-boot-starter-validation:jar:3.2.2:compile
[INFO] |  |  |  \- org.hibernate.validator:hibernate-validator:jar:8.0.1.Final:compile
[INFO] |  |  |     +- jakarta.validation:jakarta.validation-api:jar:3.0.2:compile
[INFO] |  |  |     +- org.jboss.logging:jboss-logging:jar:3.5.3.Final:compile
[INFO] |  |  |     \- com.fasterxml:classmate:jar:1.6.0:compile
[INFO] |  |  +- org.springframework:spring-messaging:jar:6.1.3:compile
[INFO] |  |  +- io.projectreactor:reactor-core:jar:3.6.2:compile
[INFO] |  |  |  \- org.reactivestreams:reactive-streams:jar:1.0.4:compile
[INFO] |  |  +- org.jline:jline:jar:3.24.1:compile
[INFO] |  |  +- org.antlr:ST4:jar:4.3.3:compile
[INFO] |  |  |  \- org.antlr:antlr-runtime:jar:3.5.2:compile
[INFO] |  |  \- commons-io:commons-io:jar:2.11.0:compile
[INFO] |  +- org.springframework.shell:spring-shell-standard:jar:3.2.0:compile
[INFO] |  +- org.springframework.shell:spring-shell-standard-commands:jar:3.2.0:compile
[INFO] |  \- org.springframework.shell:spring-shell-table:jar:3.2.0:compile
[INFO] +- org.springframework.boot:spring-boot-devtools:jar:3.2.2:runtime
[INFO] |  +- org.springframework.boot:spring-boot:jar:3.2.2:compile
[INFO] |  \- org.springframework.boot:spring-boot-autoconfigure:jar:3.2.2:compile
[INFO] +- org.springframework.boot:spring-boot-actuator:jar:3.2.2:compile
[INFO] +- io.micrometer:micrometer-tracing:jar:1.2.2:compile
[INFO] |  +- io.micrometer:micrometer-observation:jar:1.12.2:compile
[INFO] |  |  \- io.micrometer:micrometer-commons:jar:1.12.2:compile
[INFO] |  +- io.micrometer:context-propagation:jar:1.1.0:compile
[INFO] |  \- aopalliance:aopalliance:jar:1.0:compile
[INFO] +- io.micrometer:micrometer-registry-prometheus:jar:1.12.2:runtime
[INFO] |  +- io.micrometer:micrometer-core:jar:1.12.2:runtime
[INFO] |  |  +- org.hdrhistogram:HdrHistogram:jar:2.1.12:runtime
[INFO] |  |  \- org.latencyutils:LatencyUtils:jar:2.0.3:runtime
[INFO] |  \- io.prometheus:simpleclient_common:jar:0.16.0:runtime
[INFO] |     \- io.prometheus:simpleclient:jar:0.16.0:runtime
[INFO] |        +- io.prometheus:simpleclient_tracer_otel:jar:0.16.0:runtime
[INFO] |        |  \- io.prometheus:simpleclient_tracer_common:jar:0.16.0:runtime
[INFO] |        \- io.prometheus:simpleclient_tracer_otel_agent:jar:0.16.0:runtime
[INFO] +- org.springframework.boot:spring-boot-configuration-processor:jar:3.2.2:compile
[INFO] +- org.projectlombok:lombok:jar:1.18.30:compile
[INFO] \- org.springframework.boot:spring-boot-starter-test:jar:3.2.2:test
[INFO]    +- org.springframework.boot:spring-boot-test:jar:3.2.2:test
[INFO]    +- org.springframework.boot:spring-boot-test-autoconfigure:jar:3.2.2:test
[INFO]    +- com.jayway.jsonpath:json-path:jar:2.8.0:test
[INFO]    |  \- org.slf4j:slf4j-api:jar:2.0.11:compile
[INFO]    +- jakarta.xml.bind:jakarta.xml.bind-api:jar:4.0.1:test
[INFO]    |  \- jakarta.activation:jakarta.activation-api:jar:2.1.2:test
[INFO]    +- net.minidev:json-smart:jar:2.5.0:test
[INFO]    |  \- net.minidev:accessors-smart:jar:2.5.0:test
[INFO]    |     \- org.ow2.asm:asm:jar:9.3:test
[INFO]    +- org.assertj:assertj-core:jar:3.24.2:test
[INFO]    |  \- net.bytebuddy:byte-buddy:jar:1.14.11:test
[INFO]    +- org.awaitility:awaitility:jar:4.2.0:test
[INFO]    +- org.hamcrest:hamcrest:jar:2.2:test
[INFO]    +- org.junit.jupiter:junit-jupiter:jar:5.10.1:test
[INFO]    |  +- org.junit.jupiter:junit-jupiter-api:jar:5.10.1:test
[INFO]    |  |  +- org.opentest4j:opentest4j:jar:1.3.0:test
[INFO]    |  |  +- org.junit.platform:junit-platform-commons:jar:1.10.1:test
[INFO]    |  |  \- org.apiguardian:apiguardian-api:jar:1.1.2:test
[INFO]    |  +- org.junit.jupiter:junit-jupiter-params:jar:5.10.1:test
[INFO]    |  \- org.junit.jupiter:junit-jupiter-engine:jar:5.10.1:test
[INFO]    |     \- org.junit.platform:junit-platform-engine:jar:1.10.1:test
[INFO]    +- org.mockito:mockito-core:jar:5.7.0:test
[INFO]    |  +- net.bytebuddy:byte-buddy-agent:jar:1.14.11:test
[INFO]    |  \- org.objenesis:objenesis:jar:3.3:test
[INFO]    +- org.mockito:mockito-junit-jupiter:jar:5.7.0:test
[INFO]    +- org.skyscreamer:jsonassert:jar:1.5.1:test
[INFO]    |  \- com.vaadin.external.google:android-json:jar:0.0.20131108.vaadin1:test
[INFO]    +- org.springframework:spring-core:jar:6.1.3:compile
[INFO]    |  \- org.springframework:spring-jcl:jar:6.1.3:compile
[INFO]    +- org.springframework:spring-test:jar:6.1.3:test
[INFO]    \- org.xmlunit:xmlunit-core:jar:2.9.1:test
[INFO] 
[INFO] -----------< icu.debug.net.wg.core:wireguard-registry-core >------------
[INFO] Building wireguard-registry-core 0.0.1-SNAPSHOT                    [2/4]
[INFO] --------------------------------[ jar ]---------------------------------
[INFO] 
[INFO] --- maven-dependency-plugin:3.6.1:tree (default-cli) @ wireguard-registry-core ---
[INFO] icu.debug.net.wg.core:wireguard-registry-core:jar:0.0.1-SNAPSHOT
[INFO] +- org.whispersystems:curve25519-java:jar:0.5.0:compile
[INFO] +- commons-net:commons-net:jar:3.10.0:compile
[INFO] +- org.springframework.boot:spring-boot-starter-web:jar:3.2.2:compile
[INFO] |  +- org.springframework.boot:spring-boot-starter:jar:3.2.2:compile
[INFO] |  |  +- org.springframework.boot:spring-boot-starter-logging:jar:3.2.2:compile
[INFO] |  |  |  +- ch.qos.logback:logback-classic:jar:1.4.14:compile
[INFO] |  |  |  |  \- ch.qos.logback:logback-core:jar:1.4.14:compile
[INFO] |  |  |  +- org.apache.logging.log4j:log4j-to-slf4j:jar:2.21.1:compile
[INFO] |  |  |  |  \- org.apache.logging.log4j:log4j-api:jar:2.21.1:compile
[INFO] |  |  |  \- org.slf4j:jul-to-slf4j:jar:2.0.11:compile
[INFO] |  |  +- jakarta.annotation:jakarta.annotation-api:jar:2.1.1:compile
[INFO] |  |  \- org.yaml:snakeyaml:jar:2.2:compile
[INFO] |  +- org.springframework.boot:spring-boot-starter-json:jar:3.2.2:compile
[INFO] |  |  +- com.fasterxml.jackson.core:jackson-databind:jar:2.15.3:compile
[INFO] |  |  |  +- com.fasterxml.jackson.core:jackson-annotations:jar:2.15.3:compile
[INFO] |  |  |  \- com.fasterxml.jackson.core:jackson-core:jar:2.15.3:compile
[INFO] |  |  +- com.fasterxml.jackson.datatype:jackson-datatype-jdk8:jar:2.15.3:compile
[INFO] |  |  +- com.fasterxml.jackson.datatype:jackson-datatype-jsr310:jar:2.15.3:compile
[INFO] |  |  \- com.fasterxml.jackson.module:jackson-module-parameter-names:jar:2.15.3:compile
[INFO] |  +- org.springframework.boot:spring-boot-starter-tomcat:jar:3.2.2:compile
[INFO] |  |  +- org.apache.tomcat.embed:tomcat-embed-core:jar:10.1.18:compile
[INFO] |  |  +- org.apache.tomcat.embed:tomcat-embed-el:jar:10.1.18:compile
[INFO] |  |  \- org.apache.tomcat.embed:tomcat-embed-websocket:jar:10.1.18:compile
[INFO] |  +- org.springframework:spring-web:jar:6.1.3:compile
[INFO] |  |  \- org.springframework:spring-beans:jar:6.1.3:compile
[INFO] |  \- org.springframework:spring-webmvc:jar:6.1.3:compile
[INFO] |     +- org.springframework:spring-aop:jar:6.1.3:compile
[INFO] |     +- org.springframework:spring-context:jar:6.1.3:compile
[INFO] |     \- org.springframework:spring-expression:jar:6.1.3:compile
[INFO] +- org.springframework.shell:spring-shell-starter:jar:3.2.0:compile
[INFO] |  +- org.springframework.shell:spring-shell-autoconfigure:jar:3.2.0:compile
[INFO] |  +- org.springframework.shell:spring-shell-core:jar:3.2.0:compile
[INFO] |  |  +- org.springframework.boot:spring-boot-starter-validation:jar:3.2.2:compile
[INFO] |  |  |  \- org.hibernate.validator:hibernate-validator:jar:8.0.1.Final:compile
[INFO] |  |  |     +- jakarta.validation:jakarta.validation-api:jar:3.0.2:compile
[INFO] |  |  |     +- org.jboss.logging:jboss-logging:jar:3.5.3.Final:compile
[INFO] |  |  |     \- com.fasterxml:classmate:jar:1.6.0:compile
[INFO] |  |  +- org.springframework:spring-messaging:jar:6.1.3:compile
[INFO] |  |  +- io.projectreactor:reactor-core:jar:3.6.2:compile
[INFO] |  |  |  \- org.reactivestreams:reactive-streams:jar:1.0.4:compile
[INFO] |  |  +- org.jline:jline:jar:3.24.1:compile
[INFO] |  |  +- org.antlr:ST4:jar:4.3.3:compile
[INFO] |  |  |  \- org.antlr:antlr-runtime:jar:3.5.2:compile
[INFO] |  |  \- commons-io:commons-io:jar:2.11.0:compile
[INFO] |  +- org.springframework.shell:spring-shell-standard:jar:3.2.0:compile
[INFO] |  +- org.springframework.shell:spring-shell-standard-commands:jar:3.2.0:compile
[INFO] |  \- org.springframework.shell:spring-shell-table:jar:3.2.0:compile
[INFO] +- org.springframework.boot:spring-boot-devtools:jar:3.2.2:runtime
[INFO] |  +- org.springframework.boot:spring-boot:jar:3.2.2:compile
[INFO] |  \- org.springframework.boot:spring-boot-autoconfigure:jar:3.2.2:compile
[INFO] +- org.springframework.boot:spring-boot-actuator:jar:3.2.2:compile
[INFO] +- io.micrometer:micrometer-tracing:jar:1.2.2:compile
[INFO] |  +- io.micrometer:micrometer-observation:jar:1.12.2:compile
[INFO] |  |  \- io.micrometer:micrometer-commons:jar:1.12.2:compile
[INFO] |  +- io.micrometer:context-propagation:jar:1.1.0:compile
[INFO] |  \- aopalliance:aopalliance:jar:1.0:compile
[INFO] +- io.micrometer:micrometer-registry-prometheus:jar:1.12.2:runtime
[INFO] |  +- io.micrometer:micrometer-core:jar:1.12.2:runtime
[INFO] |  |  +- org.hdrhistogram:HdrHistogram:jar:2.1.12:runtime
[INFO] |  |  \- org.latencyutils:LatencyUtils:jar:2.0.3:runtime
[INFO] |  \- io.prometheus:simpleclient_common:jar:0.16.0:runtime
[INFO] |     \- io.prometheus:simpleclient:jar:0.16.0:runtime
[INFO] |        +- io.prometheus:simpleclient_tracer_otel:jar:0.16.0:runtime
[INFO] |        |  \- io.prometheus:simpleclient_tracer_common:jar:0.16.0:runtime
[INFO] |        \- io.prometheus:simpleclient_tracer_otel_agent:jar:0.16.0:runtime
[INFO] +- org.springframework.boot:spring-boot-configuration-processor:jar:3.2.2:compile
[INFO] +- org.projectlombok:lombok:jar:1.18.30:compile
[INFO] \- org.springframework.boot:spring-boot-starter-test:jar:3.2.2:test
[INFO]    +- org.springframework.boot:spring-boot-test:jar:3.2.2:test
[INFO]    +- org.springframework.boot:spring-boot-test-autoconfigure:jar:3.2.2:test
[INFO]    +- com.jayway.jsonpath:json-path:jar:2.8.0:test
[INFO]    |  \- org.slf4j:slf4j-api:jar:2.0.11:compile
[INFO]    +- jakarta.xml.bind:jakarta.xml.bind-api:jar:4.0.1:test
[INFO]    |  \- jakarta.activation:jakarta.activation-api:jar:2.1.2:test
[INFO]    +- net.minidev:json-smart:jar:2.5.0:test
[INFO]    |  \- net.minidev:accessors-smart:jar:2.5.0:test
[INFO]    |     \- org.ow2.asm:asm:jar:9.3:test
[INFO]    +- org.assertj:assertj-core:jar:3.24.2:test
[INFO]    |  \- net.bytebuddy:byte-buddy:jar:1.14.11:test
[INFO]    +- org.awaitility:awaitility:jar:4.2.0:test
[INFO]    +- org.hamcrest:hamcrest:jar:2.2:test
[INFO]    +- org.junit.jupiter:junit-jupiter:jar:5.10.1:test
[INFO]    |  +- org.junit.jupiter:junit-jupiter-api:jar:5.10.1:test
[INFO]    |  |  +- org.opentest4j:opentest4j:jar:1.3.0:test
[INFO]    |  |  +- org.junit.platform:junit-platform-commons:jar:1.10.1:test
[INFO]    |  |  \- org.apiguardian:apiguardian-api:jar:1.1.2:test
[INFO]    |  +- org.junit.jupiter:junit-jupiter-params:jar:5.10.1:test
[INFO]    |  \- org.junit.jupiter:junit-jupiter-engine:jar:5.10.1:test
[INFO]    |     \- org.junit.platform:junit-platform-engine:jar:1.10.1:test
[INFO]    +- org.mockito:mockito-core:jar:5.7.0:test
[INFO]    |  +- net.bytebuddy:byte-buddy-agent:jar:1.14.11:test
[INFO]    |  \- org.objenesis:objenesis:jar:3.3:test
[INFO]    +- org.mockito:mockito-junit-jupiter:jar:5.7.0:test
[INFO]    +- org.skyscreamer:jsonassert:jar:1.5.1:test
[INFO]    |  \- com.vaadin.external.google:android-json:jar:0.0.20131108.vaadin1:test
[INFO]    +- org.springframework:spring-core:jar:6.1.3:compile
[INFO]    |  \- org.springframework:spring-jcl:jar:6.1.3:compile
[INFO]    +- org.springframework:spring-test:jar:6.1.3:test
[INFO]    \- org.xmlunit:xmlunit-core:jar:2.9.1:test
[INFO] 
[INFO] --------< icu.debug.net.wg.service:wireguard-register-service >---------
[INFO] Building wireguard-register-service 0.0.1-SNAPSHOT                 [3/4]
[INFO] --------------------------------[ jar ]---------------------------------
[INFO] 
[INFO] --- maven-dependency-plugin:3.6.1:tree (default-cli) @ wireguard-register-service ---
[INFO] icu.debug.net.wg.service:wireguard-register-service:jar:0.0.1-SNAPSHOT
[INFO] +- org.whispersystems:curve25519-java:jar:0.5.0:compile
[INFO] +- commons-net:commons-net:jar:3.10.0:compile
[INFO] +- org.springframework.boot:spring-boot-starter-web:jar:3.2.2:compile
[INFO] |  +- org.springframework.boot:spring-boot-starter:jar:3.2.2:compile
[INFO] |  |  +- org.springframework.boot:spring-boot-starter-logging:jar:3.2.2:compile
[INFO] |  |  |  +- ch.qos.logback:logback-classic:jar:1.4.14:compile
[INFO] |  |  |  |  \- ch.qos.logback:logback-core:jar:1.4.14:compile
[INFO] |  |  |  +- org.apache.logging.log4j:log4j-to-slf4j:jar:2.21.1:compile
[INFO] |  |  |  |  \- org.apache.logging.log4j:log4j-api:jar:2.21.1:compile
[INFO] |  |  |  \- org.slf4j:jul-to-slf4j:jar:2.0.11:compile
[INFO] |  |  +- jakarta.annotation:jakarta.annotation-api:jar:2.1.1:compile
[INFO] |  |  \- org.yaml:snakeyaml:jar:2.2:compile
[INFO] |  +- org.springframework.boot:spring-boot-starter-json:jar:3.2.2:compile
[INFO] |  |  +- com.fasterxml.jackson.core:jackson-databind:jar:2.15.3:compile
[INFO] |  |  |  +- com.fasterxml.jackson.core:jackson-annotations:jar:2.15.3:compile
[INFO] |  |  |  \- com.fasterxml.jackson.core:jackson-core:jar:2.15.3:compile
[INFO] |  |  +- com.fasterxml.jackson.datatype:jackson-datatype-jdk8:jar:2.15.3:compile
[INFO] |  |  +- com.fasterxml.jackson.datatype:jackson-datatype-jsr310:jar:2.15.3:compile
[INFO] |  |  \- com.fasterxml.jackson.module:jackson-module-parameter-names:jar:2.15.3:compile
[INFO] |  +- org.springframework.boot:spring-boot-starter-tomcat:jar:3.2.2:compile
[INFO] |  |  +- org.apache.tomcat.embed:tomcat-embed-core:jar:10.1.18:compile
[INFO] |  |  +- org.apache.tomcat.embed:tomcat-embed-el:jar:10.1.18:compile
[INFO] |  |  \- org.apache.tomcat.embed:tomcat-embed-websocket:jar:10.1.18:compile
[INFO] |  +- org.springframework:spring-web:jar:6.1.3:compile
[INFO] |  |  \- org.springframework:spring-beans:jar:6.1.3:compile
[INFO] |  \- org.springframework:spring-webmvc:jar:6.1.3:compile
[INFO] |     +- org.springframework:spring-aop:jar:6.1.3:compile
[INFO] |     +- org.springframework:spring-context:jar:6.1.3:compile
[INFO] |     \- org.springframework:spring-expression:jar:6.1.3:compile
[INFO] +- org.springframework.shell:spring-shell-starter:jar:3.2.0:compile
[INFO] |  +- org.springframework.shell:spring-shell-autoconfigure:jar:3.2.0:compile
[INFO] |  +- org.springframework.shell:spring-shell-core:jar:3.2.0:compile
[INFO] |  |  +- org.springframework.boot:spring-boot-starter-validation:jar:3.2.2:compile
[INFO] |  |  |  \- org.hibernate.validator:hibernate-validator:jar:8.0.1.Final:compile
[INFO] |  |  |     +- jakarta.validation:jakarta.validation-api:jar:3.0.2:compile
[INFO] |  |  |     +- org.jboss.logging:jboss-logging:jar:3.5.3.Final:compile
[INFO] |  |  |     \- com.fasterxml:classmate:jar:1.6.0:compile
[INFO] |  |  +- org.springframework:spring-messaging:jar:6.1.3:compile
[INFO] |  |  +- io.projectreactor:reactor-core:jar:3.6.2:compile
[INFO] |  |  |  \- org.reactivestreams:reactive-streams:jar:1.0.4:compile
[INFO] |  |  +- org.jline:jline:jar:3.24.1:compile
[INFO] |  |  +- org.antlr:ST4:jar:4.3.3:compile
[INFO] |  |  |  \- org.antlr:antlr-runtime:jar:3.5.2:compile
[INFO] |  |  \- commons-io:commons-io:jar:2.11.0:compile
[INFO] |  +- org.springframework.shell:spring-shell-standard:jar:3.2.0:compile
[INFO] |  +- org.springframework.shell:spring-shell-standard-commands:jar:3.2.0:compile
[INFO] |  \- org.springframework.shell:spring-shell-table:jar:3.2.0:compile
[INFO] +- org.springframework.boot:spring-boot-devtools:jar:3.2.2:runtime
[INFO] |  +- org.springframework.boot:spring-boot:jar:3.2.2:compile
[INFO] |  \- org.springframework.boot:spring-boot-autoconfigure:jar:3.2.2:compile
[INFO] +- org.springframework.boot:spring-boot-actuator:jar:3.2.2:compile
[INFO] +- io.micrometer:micrometer-tracing:jar:1.2.2:compile
[INFO] |  +- io.micrometer:micrometer-observation:jar:1.12.2:compile
[INFO] |  |  \- io.micrometer:micrometer-commons:jar:1.12.2:compile
[INFO] |  +- io.micrometer:context-propagation:jar:1.1.0:compile
[INFO] |  \- aopalliance:aopalliance:jar:1.0:compile
[INFO] +- io.micrometer:micrometer-registry-prometheus:jar:1.12.2:runtime
[INFO] |  +- io.micrometer:micrometer-core:jar:1.12.2:runtime
[INFO] |  |  +- org.hdrhistogram:HdrHistogram:jar:2.1.12:runtime
[INFO] |  |  \- org.latencyutils:LatencyUtils:jar:2.0.3:runtime
[INFO] |  \- io.prometheus:simpleclient_common:jar:0.16.0:runtime
[INFO] |     \- io.prometheus:simpleclient:jar:0.16.0:runtime
[INFO] |        +- io.prometheus:simpleclient_tracer_otel:jar:0.16.0:runtime
[INFO] |        |  \- io.prometheus:simpleclient_tracer_common:jar:0.16.0:runtime
[INFO] |        \- io.prometheus:simpleclient_tracer_otel_agent:jar:0.16.0:runtime
[INFO] +- org.springframework.boot:spring-boot-configuration-processor:jar:3.2.2:compile
[INFO] +- org.projectlombok:lombok:jar:1.18.30:compile
[INFO] \- org.springframework.boot:spring-boot-starter-test:jar:3.2.2:test
[INFO]    +- org.springframework.boot:spring-boot-test:jar:3.2.2:test
[INFO]    +- org.springframework.boot:spring-boot-test-autoconfigure:jar:3.2.2:test
[INFO]    +- com.jayway.jsonpath:json-path:jar:2.8.0:test
[INFO]    |  \- org.slf4j:slf4j-api:jar:2.0.11:compile
[INFO]    +- jakarta.xml.bind:jakarta.xml.bind-api:jar:4.0.1:test
[INFO]    |  \- jakarta.activation:jakarta.activation-api:jar:2.1.2:test
[INFO]    +- net.minidev:json-smart:jar:2.5.0:test
[INFO]    |  \- net.minidev:accessors-smart:jar:2.5.0:test
[INFO]    |     \- org.ow2.asm:asm:jar:9.3:test
[INFO]    +- org.assertj:assertj-core:jar:3.24.2:test
[INFO]    |  \- net.bytebuddy:byte-buddy:jar:1.14.11:test
[INFO]    +- org.awaitility:awaitility:jar:4.2.0:test
[INFO]    +- org.hamcrest:hamcrest:jar:2.2:test
[INFO]    +- org.junit.jupiter:junit-jupiter:jar:5.10.1:test
[INFO]    |  +- org.junit.jupiter:junit-jupiter-api:jar:5.10.1:test
[INFO]    |  |  +- org.opentest4j:opentest4j:jar:1.3.0:test
[INFO]    |  |  +- org.junit.platform:junit-platform-commons:jar:1.10.1:test
[INFO]    |  |  \- org.apiguardian:apiguardian-api:jar:1.1.2:test
[INFO]    |  +- org.junit.jupiter:junit-jupiter-params:jar:5.10.1:test
[INFO]    |  \- org.junit.jupiter:junit-jupiter-engine:jar:5.10.1:test
[INFO]    |     \- org.junit.platform:junit-platform-engine:jar:1.10.1:test
[INFO]    +- org.mockito:mockito-core:jar:5.7.0:test
[INFO]    |  +- net.bytebuddy:byte-buddy-agent:jar:1.14.11:test
[INFO]    |  \- org.objenesis:objenesis:jar:3.3:test
[INFO]    +- org.mockito:mockito-junit-jupiter:jar:5.7.0:test
[INFO]    +- org.skyscreamer:jsonassert:jar:1.5.1:test
[INFO]    |  \- com.vaadin.external.google:android-json:jar:0.0.20131108.vaadin1:test
[INFO]    +- org.springframework:spring-core:jar:6.1.3:compile
[INFO]    |  \- org.springframework:spring-jcl:jar:6.1.3:compile
[INFO]    +- org.springframework:spring-test:jar:6.1.3:test
[INFO]    \- org.xmlunit:xmlunit-core:jar:2.9.1:test
[INFO] 
[INFO] ---------< icu.debug.net.wg.client:wireguard-registry-client >----------
[INFO] Building wireguard-registry-client 0.0.1-SNAPSHOT                  [4/4]
[INFO] --------------------------------[ jar ]---------------------------------
[INFO] 
[INFO] --- maven-dependency-plugin:3.6.1:tree (default-cli) @ wireguard-registry-client ---
[INFO] icu.debug.net.wg.client:wireguard-registry-client:jar:0.0.1-SNAPSHOT
[INFO] +- icu.debug.net.wg.core:wireguard-registry-core:jar:0.0.1-SNAPSHOT:compile
[INFO] +- org.whispersystems:curve25519-java:jar:0.5.0:compile
[INFO] +- commons-net:commons-net:jar:3.10.0:compile
[INFO] +- org.springframework.boot:spring-boot-starter-web:jar:3.2.2:compile
[INFO] |  +- org.springframework.boot:spring-boot-starter:jar:3.2.2:compile
[INFO] |  |  +- org.springframework.boot:spring-boot-starter-logging:jar:3.2.2:compile
[INFO] |  |  |  +- ch.qos.logback:logback-classic:jar:1.4.14:compile
[INFO] |  |  |  |  \- ch.qos.logback:logback-core:jar:1.4.14:compile
[INFO] |  |  |  +- org.apache.logging.log4j:log4j-to-slf4j:jar:2.21.1:compile
[INFO] |  |  |  |  \- org.apache.logging.log4j:log4j-api:jar:2.21.1:compile
[INFO] |  |  |  \- org.slf4j:jul-to-slf4j:jar:2.0.11:compile
[INFO] |  |  +- jakarta.annotation:jakarta.annotation-api:jar:2.1.1:compile
[INFO] |  |  \- org.yaml:snakeyaml:jar:2.2:compile
[INFO] |  +- org.springframework.boot:spring-boot-starter-json:jar:3.2.2:compile
[INFO] |  |  +- com.fasterxml.jackson.core:jackson-databind:jar:2.15.3:compile
[INFO] |  |  |  +- com.fasterxml.jackson.core:jackson-annotations:jar:2.15.3:compile
[INFO] |  |  |  \- com.fasterxml.jackson.core:jackson-core:jar:2.15.3:compile
[INFO] |  |  +- com.fasterxml.jackson.datatype:jackson-datatype-jdk8:jar:2.15.3:compile
[INFO] |  |  +- com.fasterxml.jackson.datatype:jackson-datatype-jsr310:jar:2.15.3:compile
[INFO] |  |  \- com.fasterxml.jackson.module:jackson-module-parameter-names:jar:2.15.3:compile
[INFO] |  +- org.springframework.boot:spring-boot-starter-tomcat:jar:3.2.2:compile
[INFO] |  |  +- org.apache.tomcat.embed:tomcat-embed-core:jar:10.1.18:compile
[INFO] |  |  +- org.apache.tomcat.embed:tomcat-embed-el:jar:10.1.18:compile
[INFO] |  |  \- org.apache.tomcat.embed:tomcat-embed-websocket:jar:10.1.18:compile
[INFO] |  +- org.springframework:spring-web:jar:6.1.3:compile
[INFO] |  |  \- org.springframework:spring-beans:jar:6.1.3:compile
[INFO] |  \- org.springframework:spring-webmvc:jar:6.1.3:compile
[INFO] |     +- org.springframework:spring-aop:jar:6.1.3:compile
[INFO] |     +- org.springframework:spring-context:jar:6.1.3:compile
[INFO] |     \- org.springframework:spring-expression:jar:6.1.3:compile
[INFO] +- org.springframework.shell:spring-shell-starter:jar:3.2.0:compile
[INFO] |  +- org.springframework.shell:spring-shell-autoconfigure:jar:3.2.0:compile
[INFO] |  +- org.springframework.shell:spring-shell-core:jar:3.2.0:compile
[INFO] |  |  +- org.springframework.boot:spring-boot-starter-validation:jar:3.2.2:compile
[INFO] |  |  |  \- org.hibernate.validator:hibernate-validator:jar:8.0.1.Final:compile
[INFO] |  |  |     +- jakarta.validation:jakarta.validation-api:jar:3.0.2:compile
[INFO] |  |  |     +- org.jboss.logging:jboss-logging:jar:3.5.3.Final:compile
[INFO] |  |  |     \- com.fasterxml:classmate:jar:1.6.0:compile
[INFO] |  |  +- org.springframework:spring-messaging:jar:6.1.3:compile
[INFO] |  |  +- io.projectreactor:reactor-core:jar:3.6.2:compile
[INFO] |  |  |  \- org.reactivestreams:reactive-streams:jar:1.0.4:compile
[INFO] |  |  +- org.jline:jline:jar:3.24.1:compile
[INFO] |  |  +- org.antlr:ST4:jar:4.3.3:compile
[INFO] |  |  |  \- org.antlr:antlr-runtime:jar:3.5.2:compile
[INFO] |  |  \- commons-io:commons-io:jar:2.11.0:compile
[INFO] |  +- org.springframework.shell:spring-shell-standard:jar:3.2.0:compile
[INFO] |  +- org.springframework.shell:spring-shell-standard-commands:jar:3.2.0:compile
[INFO] |  \- org.springframework.shell:spring-shell-table:jar:3.2.0:compile
[INFO] +- org.springframework.boot:spring-boot-devtools:jar:3.2.2:runtime
[INFO] |  +- org.springframework.boot:spring-boot:jar:3.2.2:compile
[INFO] |  \- org.springframework.boot:spring-boot-autoconfigure:jar:3.2.2:compile
[INFO] +- org.springframework.boot:spring-boot-actuator:jar:3.2.2:compile
[INFO] +- io.micrometer:micrometer-tracing:jar:1.2.2:compile
[INFO] |  +- io.micrometer:micrometer-observation:jar:1.12.2:compile
[INFO] |  |  \- io.micrometer:micrometer-commons:jar:1.12.2:compile
[INFO] |  +- io.micrometer:context-propagation:jar:1.1.0:compile
[INFO] |  \- aopalliance:aopalliance:jar:1.0:compile
[INFO] +- io.micrometer:micrometer-registry-prometheus:jar:1.12.2:runtime
[INFO] |  +- io.micrometer:micrometer-core:jar:1.12.2:runtime
[INFO] |  |  +- org.hdrhistogram:HdrHistogram:jar:2.1.12:runtime
[INFO] |  |  \- org.latencyutils:LatencyUtils:jar:2.0.3:runtime
[INFO] |  \- io.prometheus:simpleclient_common:jar:0.16.0:runtime
[INFO] |     \- io.prometheus:simpleclient:jar:0.16.0:runtime
[INFO] |        +- io.prometheus:simpleclient_tracer_otel:jar:0.16.0:runtime
[INFO] |        |  \- io.prometheus:simpleclient_tracer_common:jar:0.16.0:runtime
[INFO] |        \- io.prometheus:simpleclient_tracer_otel_agent:jar:0.16.0:runtime
[INFO] +- org.springframework.boot:spring-boot-configuration-processor:jar:3.2.2:compile
[INFO] +- org.projectlombok:lombok:jar:1.18.30:compile
[INFO] \- org.springframework.boot:spring-boot-starter-test:jar:3.2.2:test
[INFO]    +- org.springframework.boot:spring-boot-test:jar:3.2.2:test
[INFO]    +- org.springframework.boot:spring-boot-test-autoconfigure:jar:3.2.2:test
[INFO]    +- com.jayway.jsonpath:json-path:jar:2.8.0:test
[INFO]    |  \- org.slf4j:slf4j-api:jar:2.0.11:compile
[INFO]    +- jakarta.xml.bind:jakarta.xml.bind-api:jar:4.0.1:test
[INFO]    |  \- jakarta.activation:jakarta.activation-api:jar:2.1.2:test
[INFO]    +- net.minidev:json-smart:jar:2.5.0:test
[INFO]    |  \- net.minidev:accessors-smart:jar:2.5.0:test
[INFO]    |     \- org.ow2.asm:asm:jar:9.3:test
[INFO]    +- org.assertj:assertj-core:jar:3.24.2:test
[INFO]    |  \- net.bytebuddy:byte-buddy:jar:1.14.11:test
[INFO]    +- org.awaitility:awaitility:jar:4.2.0:test
[INFO]    +- org.hamcrest:hamcrest:jar:2.2:test
[INFO]    +- org.junit.jupiter:junit-jupiter:jar:5.10.1:test
[INFO]    |  +- org.junit.jupiter:junit-jupiter-api:jar:5.10.1:test
[INFO]    |  |  +- org.opentest4j:opentest4j:jar:1.3.0:test
[INFO]    |  |  +- org.junit.platform:junit-platform-commons:jar:1.10.1:test
[INFO]    |  |  \- org.apiguardian:apiguardian-api:jar:1.1.2:test
[INFO]    |  +- org.junit.jupiter:junit-jupiter-params:jar:5.10.1:test
[INFO]    |  \- org.junit.jupiter:junit-jupiter-engine:jar:5.10.1:test
[INFO]    |     \- org.junit.platform:junit-platform-engine:jar:1.10.1:test
[INFO]    +- org.mockito:mockito-core:jar:5.7.0:test
[INFO]    |  +- net.bytebuddy:byte-buddy-agent:jar:1.14.11:test
[INFO]    |  \- org.objenesis:objenesis:jar:3.3:test
[INFO]    +- org.mockito:mockito-junit-jupiter:jar:5.7.0:test
[INFO]    +- org.skyscreamer:jsonassert:jar:1.5.1:test
[INFO]    |  \- com.vaadin.external.google:android-json:jar:0.0.20131108.vaadin1:test
[INFO]    +- org.springframework:spring-core:jar:6.1.3:compile
[INFO]    |  \- org.springframework:spring-jcl:jar:6.1.3:compile
[INFO]    +- org.springframework:spring-test:jar:6.1.3:test
[INFO]    \- org.xmlunit:xmlunit-core:jar:2.9.1:test
[INFO] ------------------------------------------------------------------------
[INFO] Reactor Summary for wgnet-register 0.0.1-SNAPSHOT:
[INFO] 
[INFO] wgnet-register ..................................... SUCCESS [  0.937 s]
[INFO] wireguard-registry-core ............................ SUCCESS [  0.024 s]
[INFO] wireguard-register-service ......................... SUCCESS [  0.010 s]
[INFO] wireguard-registry-client .......................... SUCCESS [  0.266 s]
[INFO] ------------------------------------------------------------------------
[INFO] BUILD SUCCESS
[INFO] ------------------------------------------------------------------------
[INFO] Total time:  1.799 s
[INFO] Finished at: 2024-02-04T01:30:37+08:00
[INFO] ------------------------------------------------------------------------
